<?xml version="1.0" encoding="UTF-8"?>
<!-- Generated by org.testng.reporters.JUnitReportReporter -->
<testsuite name="Test_Cases.Login" tests="2" time="4.555" ignored="0" failures="0" timestamp="31 Jan 2021 19:22:25 GMT" skipped="0" hostname="ITFDG98R" errors="0">
  <testcase name="valid_Uasername_password" time="0.018" classname="Test_Cases.Login"/>
  <testcase name="Login_button" time="4.537" classname="Test_Cases.Login"/>
</testsuite> <!-- Test_Cases.Login -->
