<?xml version="1.0" encoding="UTF-8"?>
<!-- Generated by org.testng.reporters.JUnitReportReporter -->
<testsuite skipped="0" hostname="ITFDG98R" name="Test_Cases.TestBase" tests="1" failures="0" timestamp="31 Jan 2021 18:36:35 GMT" time="0.010" errors="0">
  <testcase name="test" time="0.010" classname="Test_Cases.TestBase"/>
</testsuite> <!-- Test_Cases.TestBase -->
