<?xml version="1.0" encoding="UTF-8"?>
<!-- Generated by org.testng.reporters.JUnitReportReporter -->
<testsuite name="Test_Cases.Registration" tests="2" time="10.394" ignored="0" failures="0" timestamp="31 Jan 2021 21:31:54 GMT" skipped="0" hostname="ITFDG98R" errors="0">
  <testcase name="Vaild_Data" time="5.648" classname="Test_Cases.Registration"/>
  <testcase name="Login_button" time="4.746" classname="Test_Cases.Registration"/>
</testsuite> <!-- Test_Cases.Registration -->
